app/build/intermediates/manifest_merge_blame_file/debug/manifest-merger-blame-debug-report.txt
1<?xml version="1.0" encoding="utf-8"?>
2<manifest xmlns:android="http://schemas.android.com/apk/res/android"
3    package="com.example.motorshop"
4    android:versionCode="1"
5    android:versionName="1.0" >
6
7    <uses-sdk
8        android:minSdkVersion="26"
8-->src\main\AndroidManifest.xml
9        android:targetSdkVersion="30" />
9-->src\main\AndroidManifest.xml
10
11    <uses-permission android:name="android.permission.CAMERA" />
11-->src\main\AndroidManifest.xml:5:5-64
11-->src\main\AndroidManifest.xml:5:22-62
12    <uses-permission android:name="android.permission.READ_EXTERNAL_STORAGE" />
12-->src\main\AndroidManifest.xml:6:5-79
12-->src\main\AndroidManifest.xml:6:22-77
13    <uses-permission android:name="android.permission.WRITE_EXTERNAL_STORAGE" />
13-->src\main\AndroidManifest.xml:7:5-80
13-->src\main\AndroidManifest.xml:7:22-78
14
15    <application
15-->src\main\AndroidManifest.xml:9:5-66:19
16        android:allowBackup="true"
16-->src\main\AndroidManifest.xml:10:9-35
17        android:appComponentFactory="androidx.core.app.CoreComponentFactory"
17-->[androidx.core:core:1.3.1] AndroidManifest.xml:24:18-86
18        android:debuggable="true"
19        android:extractNativeLibs="false"
20        android:icon="@mipmap/ic_launcher"
20-->src\main\AndroidManifest.xml:11:9-43
21        android:label="@string/app_name"
21-->src\main\AndroidManifest.xml:12:9-41
22        android:requestLegacyExternalStorage="true"
22-->src\main\AndroidManifest.xml:15:9-52
23        android:roundIcon="@mipmap/ic_launcher_round"
23-->src\main\AndroidManifest.xml:13:9-54
24        android:supportsRtl="true"
24-->src\main\AndroidManifest.xml:14:9-35
25        android:testOnly="true"
26        android:theme="@style/Theme.MotorShop" >
26-->src\main\AndroidManifest.xml:16:9-47
27        <activity
27-->src\main\AndroidManifest.xml:17:9-19:63
28            android:name="com.example.motorshop.activity.product.QuanLyPhuTungActivity"
28-->src\main\AndroidManifest.xml:18:13-88
29            android:parentActivityName="com.example.motorshop.activity.main.MainActivity" />
29-->src\main\AndroidManifest.xml:19:13-60
30        <activity android:name="com.example.motorshop.activity.product.SuaPhuTungActivity" />
30-->src\main\AndroidManifest.xml:20:9-94
30-->src\main\AndroidManifest.xml:20:19-91
31        <activity android:name="com.example.motorshop.activity.product.ThemPhuTungActivity" />
31-->src\main\AndroidManifest.xml:21:9-95
31-->src\main\AndroidManifest.xml:21:19-92
32        <activity android:name="com.example.motorshop.activity.product.SuaXeActivity" />
32-->src\main\AndroidManifest.xml:22:9-89
32-->src\main\AndroidManifest.xml:22:19-86
33        <activity android:name="com.example.motorshop.activity.product.ThemXeActivity" />
33-->src\main\AndroidManifest.xml:23:9-90
33-->src\main\AndroidManifest.xml:23:19-87
34        <activity
34-->src\main\AndroidManifest.xml:24:9-26:63
35            android:name="com.example.motorshop.activity.product.QuanLyXeActivity"
35-->src\main\AndroidManifest.xml:25:13-83
36            android:parentActivityName="com.example.motorshop.activity.main.MainActivity" />
36-->src\main\AndroidManifest.xml:26:13-60
37        <activity android:name="com.example.motorshop.activity.product.ProductActivity" />
37-->src\main\AndroidManifest.xml:27:9-91
37-->src\main\AndroidManifest.xml:27:19-88
38        <activity android:name="com.example.motorshop.activity.login.LoginActivity" >
38-->src\main\AndroidManifest.xml:28:9-34:20
38-->src\main\AndroidManifest.xml:28:19-54
39            <intent-filter>
39-->src\main\AndroidManifest.xml:29:13-33:29
40                <action android:name="android.intent.action.MAIN" />
40-->src\main\AndroidManifest.xml:30:17-69
40-->src\main\AndroidManifest.xml:30:25-66
41
42                <category android:name="android.intent.category.LAUNCHER" />
42-->src\main\AndroidManifest.xml:32:17-77
42-->src\main\AndroidManifest.xml:32:27-74
43            </intent-filter>
44        </activity>
45        <activity
45-->src\main\AndroidManifest.xml:35:9-42:20
46            android:name="com.example.motorshop.activity.login.VerifyActivity"
46-->src\main\AndroidManifest.xml:35:19-55
47            android:parentActivityName="com.example.motorshop.activity.login.LoginActivity" >
47-->src\main\AndroidManifest.xml:36:13-62
48            <intent-filter>
48-->src\main\AndroidManifest.xml:29:13-33:29
49                <action android:name="android.intent.action.MAIN" />
49-->src\main\AndroidManifest.xml:30:17-69
49-->src\main\AndroidManifest.xml:30:25-66
50
51                <category android:name="android.intent.category.LAUNCHER" />
51-->src\main\AndroidManifest.xml:32:17-77
51-->src\main\AndroidManifest.xml:32:27-74
52            </intent-filter>
53        </activity>
54        <activity
54-->src\main\AndroidManifest.xml:43:9-50:20
55            android:name="com.example.motorshop.activity.main.MainActivity"
55-->src\main\AndroidManifest.xml:43:19-52
56            android:parentActivityName="com.example.motorshop.activity.login.LoginActivity" >
56-->src\main\AndroidManifest.xml:44:13-62
57            <intent-filter>
57-->src\main\AndroidManifest.xml:29:13-33:29
58                <action android:name="android.intent.action.MAIN" />
58-->src\main\AndroidManifest.xml:30:17-69
58-->src\main\AndroidManifest.xml:30:25-66
59
60                <category android:name="android.intent.category.LAUNCHER" />
60-->src\main\AndroidManifest.xml:32:17-77
60-->src\main\AndroidManifest.xml:32:27-74
61            </intent-filter>
62        </activity>
63        <activity
63-->src\main\AndroidManifest.xml:51:9-58:20
64            android:name="com.example.motorshop.activity.brand.BrandActivity"
64-->src\main\AndroidManifest.xml:51:19-54
65            android:parentActivityName="com.example.motorshop.activity.main.MainActivity" >
65-->src\main\AndroidManifest.xml:52:13-60
66            <intent-filter>
66-->src\main\AndroidManifest.xml:29:13-33:29
67                <action android:name="android.intent.action.MAIN" />
67-->src\main\AndroidManifest.xml:30:17-69
67-->src\main\AndroidManifest.xml:30:25-66
68
69                <category android:name="android.intent.category.LAUNCHER" />
69-->src\main\AndroidManifest.xml:32:17-77
69-->src\main\AndroidManifest.xml:32:27-74
70            </intent-filter>
71        </activity>
72        <activity android:name="com.example.motorshop.activity.department.DepartmentActivity" >
72-->src\main\AndroidManifest.xml:59:9-65:20
72-->src\main\AndroidManifest.xml:59:19-64
73            <intent-filter>
73-->src\main\AndroidManifest.xml:29:13-33:29
74                <action android:name="android.intent.action.MAIN" />
74-->src\main\AndroidManifest.xml:30:17-69
74-->src\main\AndroidManifest.xml:30:25-66
75
76                <category android:name="android.intent.category.LAUNCHER" />
76-->src\main\AndroidManifest.xml:32:17-77
76-->src\main\AndroidManifest.xml:32:27-74
77            </intent-filter>
78        </activity>
79
80        <provider
80-->[gun0912.ted:tedbottompicker:2.0.1] AndroidManifest.xml:14:9-22:20
81            android:name="androidx.core.content.FileProvider"
81-->[gun0912.ted:tedbottompicker:2.0.1] AndroidManifest.xml:15:13-62
82            android:authorities="com.example.motorshop.provider"
82-->[gun0912.ted:tedbottompicker:2.0.1] AndroidManifest.xml:16:13-60
83            android:exported="false"
83-->[gun0912.ted:tedbottompicker:2.0.1] AndroidManifest.xml:17:13-37
84            android:grantUriPermissions="true" >
84-->[gun0912.ted:tedbottompicker:2.0.1] AndroidManifest.xml:18:13-47
85            <meta-data
85-->[gun0912.ted:tedbottompicker:2.0.1] AndroidManifest.xml:19:13-21:58
86                android:name="android.support.FILE_PROVIDER_PATHS"
86-->[gun0912.ted:tedbottompicker:2.0.1] AndroidManifest.xml:20:17-67
87                android:resource="@xml/provider_paths" />
87-->[gun0912.ted:tedbottompicker:2.0.1] AndroidManifest.xml:21:17-55
88        </provider>
89
90        <activity
90-->[gun0912.ted:tedpermission:2.2.3] AndroidManifest.xml:10:9-14:67
91            android:name="com.gun0912.tedpermission.TedPermissionActivity"
91-->[gun0912.ted:tedpermission:2.2.3] AndroidManifest.xml:11:13-75
92            android:configChanges="mcc|mnc|locale|keyboard|keyboardHidden|screenLayout|fontScale|uiMode|orientation|screenSize|layoutDirection"
92-->[gun0912.ted:tedpermission:2.2.3] AndroidManifest.xml:12:13-144
93            android:screenOrientation="unspecified"
93-->[gun0912.ted:tedpermission:2.2.3] AndroidManifest.xml:13:13-52
94            android:theme="@style/Theme.Transparent.Permission" />
94-->[gun0912.ted:tedpermission:2.2.3] AndroidManifest.xml:14:13-64
95        <activity
95-->[gun0912.ted:tedonactivityresult:1.0.6] AndroidManifest.xml:10:9-14:75
96            android:name="com.gun0912.tedonactivityresult.ProxyActivity"
96-->[gun0912.ted:tedonactivityresult:1.0.6] AndroidManifest.xml:11:13-73
97            android:configChanges="mcc|mnc|locale|keyboard|keyboardHidden|screenLayout|fontScale|uiMode|orientation|screenSize|layoutDirection"
97-->[gun0912.ted:tedonactivityresult:1.0.6] AndroidManifest.xml:12:13-144
98            android:screenOrientation="unspecified"
98-->[gun0912.ted:tedonactivityresult:1.0.6] AndroidManifest.xml:13:13-52
99            android:theme="@style/android:Theme.Translucent.NoTitleBar" />
99-->[gun0912.ted:tedonactivityresult:1.0.6] AndroidManifest.xml:14:13-72
100    </application>
101
102</manifest>